<?xml version="1.0" encoding="UTF-8" ?>
<testsuite failures="0" time="4.776" errors="0" skipped="0" tests="1" name="test.PersonTest">
  <properties>
    <property name="java.runtime.name" value="Java(TM) SE Runtime Environment"/>
    <property name="sun.boot.library.path" value="/usr/lib/jvm/jdk1.6.0_25/jre/lib/i386"/>
    <property name="java.vm.version" value="20.0-b11"/>
    <property name="java.vm.vendor" value="Sun Microsystems Inc."/>
    <property name="java.vendor.url" value="http://java.sun.com/"/>
    <property name="path.separator" value=":"/>
    <property name="java.vm.name" value="Java HotSpot(TM) Client VM"/>
    <property name="file.encoding.pkg" value="sun.io"/>
    <property name="user.country" value="US"/>
    <property name="sun.java.launcher" value="SUN_STANDARD"/>
    <property name="sun.os.patch.level" value="unknown"/>
    <property name="java.vm.specification.name" value="Java Virtual Machine Specification"/>
    <property name="user.dir" value="/home/gelz/NetBeansProjects/springMVC/services"/>
    <property name="java.runtime.version" value="1.6.0_25-b06"/>
    <property name="java.awt.graphicsenv" value="sun.awt.X11GraphicsEnvironment"/>
    <property name="basedir" value="/home/gelz/NetBeansProjects/springMVC/services"/>
    <property name="java.endorsed.dirs" value="/usr/lib/jvm/jdk1.6.0_25/jre/lib/endorsed"/>
    <property name="os.arch" value="i386"/>
    <property name="surefire.real.class.path" value="/tmp/surefirebooter6933461880767838932.jar"/>
    <property name="java.io.tmpdir" value="/tmp"/>
    <property name="line.separator" value="
"/>
    <property name="java.vm.specification.vendor" value="Sun Microsystems Inc."/>
    <property name="os.name" value="Linux"/>
    <property name="sun.jnu.encoding" value="UTF-8"/>
    <property name="java.library.path" value="/usr/lib/jvm/jdk1.6.0_25/jre/lib/i386/client:/usr/lib/jvm/jdk1.6.0_25/jre/lib/i386:/usr/lib/jvm/jdk1.6.0_25/jre/../lib/i386:/usr/java/packages/lib/i386:/lib:/usr/lib"/>
    <property name="surefire.test.class.path" value="/home/gelz/NetBeansProjects/springMVC/services/target/test-classes:/home/gelz/NetBeansProjects/springMVC/services/target/classes:/home/gelz/NetBeansProjects/springMVC/model/target/model-1.0.0.jar:/home/gelz/.m2/repository/org/springframework/spring-orm/3.0.5.RELEASE/spring-orm-3.0.5.RELEASE.jar:/home/gelz/.m2/repository/org/springframework/spring-beans/3.0.5.RELEASE/spring-beans-3.0.5.RELEASE.jar:/home/gelz/.m2/repository/org/springframework/spring-core/3.0.5.RELEASE/spring-core-3.0.5.RELEASE.jar:/home/gelz/.m2/repository/org/springframework/spring-asm/3.0.5.RELEASE/spring-asm-3.0.5.RELEASE.jar:/home/gelz/.m2/repository/commons-logging/commons-logging/1.1.1/commons-logging-1.1.1.jar:/home/gelz/.m2/repository/org/springframework/spring-jdbc/3.0.5.RELEASE/spring-jdbc-3.0.5.RELEASE.jar:/home/gelz/.m2/repository/org/springframework/spring-tx/3.0.5.RELEASE/spring-tx-3.0.5.RELEASE.jar:/home/gelz/.m2/repository/aopalliance/aopalliance/1.0/aopalliance-1.0.jar:/home/gelz/.m2/repository/org/springframework/spring-aop/3.0.3.RELEASE/spring-aop-3.0.3.RELEASE.jar:/home/gelz/.m2/repository/org/springframework/spring-context/3.0.3.RELEASE/spring-context-3.0.3.RELEASE.jar:/home/gelz/.m2/repository/org/springframework/spring-expression/3.0.3.RELEASE/spring-expression-3.0.3.RELEASE.jar:/home/gelz/.m2/repository/org/hibernate/hibernate-core/3.6.0.Final/hibernate-core-3.6.0.Final.jar:/home/gelz/.m2/repository/antlr/antlr/2.7.6/antlr-2.7.6.jar:/home/gelz/.m2/repository/commons-collections/commons-collections/3.2.1/commons-collections-3.2.1.jar:/home/gelz/.m2/repository/dom4j/dom4j/1.6.1/dom4j-1.6.1.jar:/home/gelz/.m2/repository/org/hibernate/hibernate-commons-annotations/3.2.0.Final/hibernate-commons-annotations-3.2.0.Final.jar:/home/gelz/.m2/repository/org/slf4j/slf4j-api/1.6.1/slf4j-api-1.6.1.jar:/home/gelz/.m2/repository/org/hibernate/javax/persistence/hibernate-jpa-2.0-api/1.0.0.Final/hibernate-jpa-2.0-api-1.0.0.Final.jar:/home/gelz/.m2/repository/javax/transaction/jta/1.0.1B/jta-1.0.1B.jar:/home/gelz/.m2/repository/org/hibernate/hibernate-validator/4.0.2.GA/hibernate-validator-4.0.2.GA.jar:/home/gelz/.m2/repository/javax/validation/validation-api/1.0.0.GA/validation-api-1.0.0.GA.jar:/home/gelz/.m2/repository/javax/xml/bind/jaxb-api/2.1/jaxb-api-2.1.jar:/home/gelz/.m2/repository/javax/xml/stream/stax-api/1.0-2/stax-api-1.0-2.jar:/home/gelz/.m2/repository/javax/activation/activation/1.1/activation-1.1.jar:/home/gelz/.m2/repository/com/sun/xml/bind/jaxb-impl/2.1.3/jaxb-impl-2.1.3.jar:/home/gelz/.m2/repository/org/springframework/security/spring-security-core/3.0.5.RELEASE/spring-security-core-3.0.5.RELEASE.jar:/home/gelz/.m2/repository/org/aspectj/aspectjrt/1.6.8/aspectjrt-1.6.8.jar:/home/gelz/.m2/repository/org/aspectj/aspectjweaver/1.6.8/aspectjweaver-1.6.8.jar:/home/gelz/.m2/repository/org/slf4j/jcl-over-slf4j/1.6.1/jcl-over-slf4j-1.6.1.jar:/home/gelz/.m2/repository/org/slf4j/log4j-over-slf4j/1.6.1/log4j-over-slf4j-1.6.1.jar:/home/gelz/.m2/repository/ch/qos/logback/logback-classic/0.9.27/logback-classic-0.9.27.jar:/home/gelz/.m2/repository/ch/qos/logback/logback-core/0.9.27/logback-core-0.9.27.jar:/home/gelz/.m2/repository/joda-time/joda-time/1.6.2/joda-time-1.6.2.jar:/home/gelz/NetBeansProjects/springMVC/config/target/config-1.0.0.jar:/home/gelz/.m2/repository/commons-dbcp/commons-dbcp/1.4/commons-dbcp-1.4.jar:/home/gelz/.m2/repository/commons-pool/commons-pool/1.5.4/commons-pool-1.5.4.jar:/home/gelz/.m2/repository/mysql/mysql-connector-java/5.1.9/mysql-connector-java-5.1.9.jar:/home/gelz/.m2/repository/org/hibernate/hibernate/3.2.5.ga/hibernate-3.2.5.ga.jar:/home/gelz/.m2/repository/net/sf/ehcache/ehcache/1.2.3/ehcache-1.2.3.jar:/home/gelz/.m2/repository/asm/asm-attrs/1.5.3/asm-attrs-1.5.3.jar:/home/gelz/.m2/repository/cglib/cglib/2.1_3/cglib-2.1_3.jar:/home/gelz/.m2/repository/asm/asm/1.5.3/asm-1.5.3.jar:/home/gelz/.m2/repository/org/hibernate/hibernate-entitymanager/3.3.2.GA/hibernate-entitymanager-3.3.2.GA.jar:/home/gelz/.m2/repository/org/hibernate/hibernate-annotations/3.3.1.GA/hibernate-annotations-3.3.1.GA.jar:/home/gelz/.m2/repository/org/hibernate/ejb3-persistence/1.0.1.GA/ejb3-persistence-1.0.1.GA.jar:/home/gelz/.m2/repository/javassist/javassist/3.12.0.GA/javassist-3.12.0.GA.jar:/home/gelz/.m2/repository/javax/sql/jdbc-stdext/2.0/jdbc-stdext-2.0.jar:/home/gelz/.m2/repository/unknown/binary/mysql-connector-java-5.1.13-bin/SNAPSHOT/mysql-connector-java-5.1.13-bin-SNAPSHOT.jar:/home/gelz/.m2/repository/org/dbunit/dbunit/2.4.8/dbunit-2.4.8.jar:/home/gelz/.m2/repository/junit/junit/4.8.2/junit-4.8.2.jar:/home/gelz/.m2/repository/org/springframework/spring-test/3.0.5.RELEASE/spring-test-3.0.5.RELEASE.jar:"/>
    <property name="java.specification.name" value="Java Platform API Specification"/>
    <property name="java.class.version" value="50.0"/>
    <property name="sun.management.compiler" value="HotSpot Client Compiler"/>
    <property name="os.version" value="2.6.35-22-generic"/>
    <property name="user.home" value="/home/gelz"/>
    <property name="user.timezone" value="Asia/Jakarta"/>
    <property name="java.awt.printerjob" value="sun.print.PSPrinterJob"/>
    <property name="file.encoding" value="UTF-8"/>
    <property name="java.specification.version" value="1.6"/>
    <property name="user.name" value="gelz"/>
    <property name="java.class.path" value="/home/gelz/NetBeansProjects/springMVC/services/target/test-classes:/home/gelz/NetBeansProjects/springMVC/services/target/classes:/home/gelz/NetBeansProjects/springMVC/model/target/model-1.0.0.jar:/home/gelz/.m2/repository/org/springframework/spring-orm/3.0.5.RELEASE/spring-orm-3.0.5.RELEASE.jar:/home/gelz/.m2/repository/org/springframework/spring-beans/3.0.5.RELEASE/spring-beans-3.0.5.RELEASE.jar:/home/gelz/.m2/repository/org/springframework/spring-core/3.0.5.RELEASE/spring-core-3.0.5.RELEASE.jar:/home/gelz/.m2/repository/org/springframework/spring-asm/3.0.5.RELEASE/spring-asm-3.0.5.RELEASE.jar:/home/gelz/.m2/repository/commons-logging/commons-logging/1.1.1/commons-logging-1.1.1.jar:/home/gelz/.m2/repository/org/springframework/spring-jdbc/3.0.5.RELEASE/spring-jdbc-3.0.5.RELEASE.jar:/home/gelz/.m2/repository/org/springframework/spring-tx/3.0.5.RELEASE/spring-tx-3.0.5.RELEASE.jar:/home/gelz/.m2/repository/aopalliance/aopalliance/1.0/aopalliance-1.0.jar:/home/gelz/.m2/repository/org/springframework/spring-aop/3.0.3.RELEASE/spring-aop-3.0.3.RELEASE.jar:/home/gelz/.m2/repository/org/springframework/spring-context/3.0.3.RELEASE/spring-context-3.0.3.RELEASE.jar:/home/gelz/.m2/repository/org/springframework/spring-expression/3.0.3.RELEASE/spring-expression-3.0.3.RELEASE.jar:/home/gelz/.m2/repository/org/hibernate/hibernate-core/3.6.0.Final/hibernate-core-3.6.0.Final.jar:/home/gelz/.m2/repository/antlr/antlr/2.7.6/antlr-2.7.6.jar:/home/gelz/.m2/repository/commons-collections/commons-collections/3.2.1/commons-collections-3.2.1.jar:/home/gelz/.m2/repository/dom4j/dom4j/1.6.1/dom4j-1.6.1.jar:/home/gelz/.m2/repository/org/hibernate/hibernate-commons-annotations/3.2.0.Final/hibernate-commons-annotations-3.2.0.Final.jar:/home/gelz/.m2/repository/org/slf4j/slf4j-api/1.6.1/slf4j-api-1.6.1.jar:/home/gelz/.m2/repository/org/hibernate/javax/persistence/hibernate-jpa-2.0-api/1.0.0.Final/hibernate-jpa-2.0-api-1.0.0.Final.jar:/home/gelz/.m2/repository/javax/transaction/jta/1.0.1B/jta-1.0.1B.jar:/home/gelz/.m2/repository/org/hibernate/hibernate-validator/4.0.2.GA/hibernate-validator-4.0.2.GA.jar:/home/gelz/.m2/repository/javax/validation/validation-api/1.0.0.GA/validation-api-1.0.0.GA.jar:/home/gelz/.m2/repository/javax/xml/bind/jaxb-api/2.1/jaxb-api-2.1.jar:/home/gelz/.m2/repository/javax/xml/stream/stax-api/1.0-2/stax-api-1.0-2.jar:/home/gelz/.m2/repository/javax/activation/activation/1.1/activation-1.1.jar:/home/gelz/.m2/repository/com/sun/xml/bind/jaxb-impl/2.1.3/jaxb-impl-2.1.3.jar:/home/gelz/.m2/repository/org/springframework/security/spring-security-core/3.0.5.RELEASE/spring-security-core-3.0.5.RELEASE.jar:/home/gelz/.m2/repository/org/aspectj/aspectjrt/1.6.8/aspectjrt-1.6.8.jar:/home/gelz/.m2/repository/org/aspectj/aspectjweaver/1.6.8/aspectjweaver-1.6.8.jar:/home/gelz/.m2/repository/org/slf4j/jcl-over-slf4j/1.6.1/jcl-over-slf4j-1.6.1.jar:/home/gelz/.m2/repository/org/slf4j/log4j-over-slf4j/1.6.1/log4j-over-slf4j-1.6.1.jar:/home/gelz/.m2/repository/ch/qos/logback/logback-classic/0.9.27/logback-classic-0.9.27.jar:/home/gelz/.m2/repository/ch/qos/logback/logback-core/0.9.27/logback-core-0.9.27.jar:/home/gelz/.m2/repository/joda-time/joda-time/1.6.2/joda-time-1.6.2.jar:/home/gelz/NetBeansProjects/springMVC/config/target/config-1.0.0.jar:/home/gelz/.m2/repository/commons-dbcp/commons-dbcp/1.4/commons-dbcp-1.4.jar:/home/gelz/.m2/repository/commons-pool/commons-pool/1.5.4/commons-pool-1.5.4.jar:/home/gelz/.m2/repository/mysql/mysql-connector-java/5.1.9/mysql-connector-java-5.1.9.jar:/home/gelz/.m2/repository/org/hibernate/hibernate/3.2.5.ga/hibernate-3.2.5.ga.jar:/home/gelz/.m2/repository/net/sf/ehcache/ehcache/1.2.3/ehcache-1.2.3.jar:/home/gelz/.m2/repository/asm/asm-attrs/1.5.3/asm-attrs-1.5.3.jar:/home/gelz/.m2/repository/cglib/cglib/2.1_3/cglib-2.1_3.jar:/home/gelz/.m2/repository/asm/asm/1.5.3/asm-1.5.3.jar:/home/gelz/.m2/repository/org/hibernate/hibernate-entitymanager/3.3.2.GA/hibernate-entitymanager-3.3.2.GA.jar:/home/gelz/.m2/repository/org/hibernate/hibernate-annotations/3.3.1.GA/hibernate-annotations-3.3.1.GA.jar:/home/gelz/.m2/repository/org/hibernate/ejb3-persistence/1.0.1.GA/ejb3-persistence-1.0.1.GA.jar:/home/gelz/.m2/repository/javassist/javassist/3.12.0.GA/javassist-3.12.0.GA.jar:/home/gelz/.m2/repository/javax/sql/jdbc-stdext/2.0/jdbc-stdext-2.0.jar:/home/gelz/.m2/repository/unknown/binary/mysql-connector-java-5.1.13-bin/SNAPSHOT/mysql-connector-java-5.1.13-bin-SNAPSHOT.jar:/home/gelz/.m2/repository/org/dbunit/dbunit/2.4.8/dbunit-2.4.8.jar:/home/gelz/.m2/repository/junit/junit/4.8.2/junit-4.8.2.jar:/home/gelz/.m2/repository/org/springframework/spring-test/3.0.5.RELEASE/spring-test-3.0.5.RELEASE.jar:"/>
    <property name="java.vm.specification.version" value="1.0"/>
    <property name="sun.arch.data.model" value="32"/>
    <property name="java.home" value="/usr/lib/jvm/jdk1.6.0_25/jre"/>
    <property name="sun.java.command" value="/tmp/surefirebooter6933461880767838932.jar /tmp/surefire879237744323154517tmp /tmp/surefire9006584368005858310tmp"/>
    <property name="java.specification.vendor" value="Sun Microsystems Inc."/>
    <property name="user.language" value="en"/>
    <property name="java.vm.info" value="mixed mode, sharing"/>
    <property name="java.version" value="1.6.0_25"/>
    <property name="java.ext.dirs" value="/usr/lib/jvm/jdk1.6.0_25/jre/lib/ext:/usr/java/packages/lib/ext"/>
    <property name="sun.boot.class.path" value="/usr/lib/jvm/jdk1.6.0_25/jre/lib/resources.jar:/usr/lib/jvm/jdk1.6.0_25/jre/lib/rt.jar:/usr/lib/jvm/jdk1.6.0_25/jre/lib/sunrsasign.jar:/usr/lib/jvm/jdk1.6.0_25/jre/lib/jsse.jar:/usr/lib/jvm/jdk1.6.0_25/jre/lib/jce.jar:/usr/lib/jvm/jdk1.6.0_25/jre/lib/charsets.jar:/usr/lib/jvm/jdk1.6.0_25/jre/lib/modules/jdk.boot.jar:/usr/lib/jvm/jdk1.6.0_25/jre/classes"/>
    <property name="java.vendor" value="Sun Microsystems Inc."/>
    <property name="localRepository" value="/home/gelz/.m2/repository"/>
    <property name="file.separator" value="/"/>
    <property name="java.vendor.url.bug" value="http://java.sun.com/cgi-bin/bugreport.cgi"/>
    <property name="sun.cpu.endian" value="little"/>
    <property name="sun.io.unicode.encoding" value="UnicodeLittle"/>
    <property name="sun.cpu.isalist" value=""/>
  </properties>
  <testcase time="0.012" classname="test.PersonTest" name="classTest"/>
</testsuite>